0 info it worked if it ends with ok
1 verbose cli [ '/usr/local/Cellar/node/6.3.1/bin/node',
1 verbose cli   '/usr/local/bin/npm',
1 verbose cli   'publish' ]
2 info using npm@3.10.3
3 info using node@v6.3.1
4 verbose publish [ '.' ]
5 silly cache add args [ '.', null ]
6 verbose cache add spec .
7 silly cache add parsed spec Result {
7 silly cache add   raw: '.',
7 silly cache add   scope: null,
7 silly cache add   escapedName: null,
7 silly cache add   name: null,
7 silly cache add   rawSpec: '.',
7 silly cache add   spec: '/Users/baidu/Downloads/p2p/ace',
7 silly cache add   type: 'directory' }
8 verbose addLocalDirectory /Users/baidu/.npm/vue-ace/1.0.0/package.tgz not in flight; packing
9 verbose correctMkdir /Users/baidu/.npm correctMkdir not in flight; initializing
10 info lifecycle vue-ace@1.0.0~prepublish: vue-ace@1.0.0
11 silly lifecycle vue-ace@1.0.0~prepublish: no script for prepublish, continuing
12 verbose tar pack [ '/Users/baidu/.npm/vue-ace/1.0.0/package.tgz',
12 verbose tar pack   '/Users/baidu/Downloads/p2p/ace' ]
13 verbose tarball /Users/baidu/.npm/vue-ace/1.0.0/package.tgz
14 verbose folder /Users/baidu/Downloads/p2p/ace
15 verbose addLocalTarball adding from inside cache /Users/baidu/.npm/vue-ace/1.0.0/package.tgz
16 verbose correctMkdir /Users/baidu/.npm correctMkdir not in flight; initializing
17 silly cache afterAdd vue-ace@1.0.0
18 verbose afterAdd /Users/baidu/.npm/vue-ace/1.0.0/package/package.json not in flight; writing
19 verbose correctMkdir /Users/baidu/.npm correctMkdir not in flight; initializing
20 verbose afterAdd /Users/baidu/.npm/vue-ace/1.0.0/package/package.json written
21 silly publish { name: 'vue-ace',
21 silly publish   version: '1.0.0',
21 silly publish   description: '前期我是用的 [vue2-ace](https://runkit.com/npm/vue2-ace) 用的过程当中发现了问题: 代码里面的 ```       vm.$parent.$emit(\'editor-update\', editor.getValue()); ```',
21 silly publish   main: 'index.js',
21 silly publish   keywords: [ 'vue2 vue ace brace' ],
21 silly publish   scripts: { test: 'echo "Error: no test specified" && exit 1' },
21 silly publish   author: { name: 'cjwsohu' },
21 silly publish   license: 'ISC',
21 silly publish   dependencies: { brace: '^0.10.0' },
21 silly publish   readme: '# 背景\n\n前期我是用的 [vue2-ace](https://runkit.com/npm/vue2-ace) 用的过程当中发现了问题:\n代码里面的\n```\n      vm.$parent.$emit(\'editor-update\', editor.getValue());\n```\n\n如果你是在组件中引入了 [vue2-ace](https://runkit.com/npm/vue2-ace)   你的组件和他形成父子关系这样是没问题的\n如果你的组件的子组件引入了的话 类似形成  爷-子-孙的关系 甚至更深的关系  代码里面的 vm.$parent.$emit() 这种触发方式是用问题的.\n所以在原来作者的基础之上做了小的调整 (主要是监听输入的内容的变化)\n\n\n# vue-ace\n\nA Vue2 component for including the [ace editor](https://ace.c9.io/).\n\n### 安装\n\n```\nnpm install -save vue-ace\n```\n\n### 怎么使用\n\n引入 component,   mode  theme in `<script>`.\n\nmode 语法校验 JavaScript  java sql  ejs ..\n\ntheme 主题风格\n\n```\nimport editor from \'vue-ace\'\nimport \'brace/mode/javascript\'\nimport \'brace/theme/chrome\'\n```\n\n注册 component 在 Vue 选项.\n\n```\ncomponents: {\n  editor\n}\n```\n\n使用组件在你的template中,  确保参数是字符串 加上引号 如\n\n```\n<editor :content="需要初始化的内容" :lang="\'sql\'" :theme="\'chrome\'" ></editor>\n```\n\n\n下面是参数 默认的是下面的\n\n```\nlang: javascript\ntheme: chrome\nheight: 300px\nwidth: 100%\n```\n\n\n下面的是使用的几种方式\n\n```\n<editor :content="variable" :height="\'500px\'"></editor>\n\n<editor :content="variable" :width="\'50%\'"></editor>\n\n<editor :content="variable" :lang="\'html\'"></editor>\n\n<editor :content="variable" :theme="\'github\'"></editor>\n\n<editor :content="variable" :sync="true"></editor>\n```\n\n你也可以使用其他的模板 类似这样的引入\n\n ```\n   import \'brace/mode/javascript\';  //语法校验\n   import \'brace/theme/chrome\'; // 主题\n\n ```\n\n\n下面是是关键的怎么监听用户输入的内容\n\n在父组件中\n\n```\n<template >\n\n <editor v-bind:content-update="XXX"></editor>\n</template>\n\n<script>\n\ncomponents: {\n  editor\n}\nmethods: {\n      XXX: function (v) {\n        console.log(v);\n      }\n\n    }\n</script>\n```\n### 效果\n\n\n![demo](https://github.com/sohucw/vue-ace/blob/master/demo.png)\n\n\n\n\n\n',
21 silly publish   readmeFilename: 'README.md',
21 silly publish   gitHead: 'c262fc35c89b9d070a21195ac7b5ad3a86a51352',
21 silly publish   _id: 'vue-ace@1.0.0',
21 silly publish   _shasum: 'c748493010f02f383155a297ce6c2bb72483a545',
21 silly publish   _from: '.' }
22 verbose getPublishConfig undefined
23 silly mapToRegistry name vue-ace
24 silly mapToRegistry using default registry
25 silly mapToRegistry registry https://registry.npmjs.org/
26 silly mapToRegistry data Result {
26 silly mapToRegistry   raw: 'vue-ace',
26 silly mapToRegistry   scope: null,
26 silly mapToRegistry   escapedName: 'vue-ace',
26 silly mapToRegistry   name: 'vue-ace',
26 silly mapToRegistry   rawSpec: '',
26 silly mapToRegistry   spec: 'latest',
26 silly mapToRegistry   type: 'tag' }
27 silly mapToRegistry uri https://registry.npmjs.org/vue-ace
28 verbose publish registryBase https://registry.npmjs.org/
29 silly publish uploading /Users/baidu/.npm/vue-ace/1.0.0/package.tgz
30 verbose request uri https://registry.npmjs.org/vue-ace
31 verbose request sending authorization for write operation
32 info attempt registry request try #1 at 10:29:49 AM
33 verbose request using bearer token for auth
34 verbose request id 2c3b3816a2ade671
35 http request PUT https://registry.npmjs.org/vue-ace
36 http 403 https://registry.npmjs.org/vue-ace
37 verbose headers { 'content-type': 'application/json',
37 verbose headers   'cache-control': 'max-age=300',
37 verbose headers   'content-length': '101',
37 verbose headers   'accept-ranges': 'bytes',
37 verbose headers   date: 'Tue, 21 Mar 2017 02:29:50 GMT',
37 verbose headers   via: '1.1 varnish',
37 verbose headers   connection: 'keep-alive',
37 verbose headers   'x-served-by': 'cache-itm7420-ITM',
37 verbose headers   'x-cache': 'MISS',
37 verbose headers   'x-cache-hits': '0',
37 verbose headers   'x-timer': 'S1490063389.748370,VS0,VE1038',
37 verbose headers   vary: 'Accept-Encoding' }
38 verbose request invalidating /Users/baidu/.npm/registry.npmjs.org/vue-ace on PUT
39 error publish Failed PUT 403
40 verbose stack Error: you do not have permission to publish "vue-ace". Are you logged in as the correct user? : vue-ace
40 verbose stack     at makeError (/usr/local/lib/node_modules/npm/node_modules/npm-registry-client/lib/request.js:264:12)
40 verbose stack     at CachingRegistryClient.<anonymous> (/usr/local/lib/node_modules/npm/node_modules/npm-registry-client/lib/request.js:252:14)
40 verbose stack     at Request._callback (/usr/local/lib/node_modules/npm/node_modules/npm-registry-client/lib/request.js:172:14)
40 verbose stack     at Request.self.callback (/usr/local/lib/node_modules/npm/node_modules/request/request.js:200:22)
40 verbose stack     at emitTwo (events.js:106:13)
40 verbose stack     at Request.emit (events.js:191:7)
40 verbose stack     at Request.<anonymous> (/usr/local/lib/node_modules/npm/node_modules/request/request.js:1067:10)
40 verbose stack     at emitOne (events.js:101:20)
40 verbose stack     at Request.emit (events.js:188:7)
40 verbose stack     at IncomingMessage.<anonymous> (/usr/local/lib/node_modules/npm/node_modules/request/request.js:988:12)
41 verbose statusCode 403
42 verbose pkgid vue-ace
43 verbose cwd /Users/baidu/Downloads/p2p/ace
44 error Darwin 15.0.0
45 error argv "/usr/local/Cellar/node/6.3.1/bin/node" "/usr/local/bin/npm" "publish"
46 error node v6.3.1
47 error npm  v3.10.3
48 error code E403
49 error you do not have permission to publish "vue-ace". Are you logged in as the correct user? : vue-ace
50 error If you need help, you may report this error at:
50 error     <https://github.com/npm/npm/issues>
51 verbose exit [ 1, true ]
